app/build/intermediates/manifest_merge_blame_file/debug/manifest-merger-blame-debug-report.txt
1<?xml version="1.0" encoding="utf-8"?>
2<manifest xmlns:android="http://schemas.android.com/apk/res/android"
3    package="com.szabhun.sgttteam.hangman"
4    android:versionCode="1"
5    android:versionName="1.0" >
6
7    <uses-sdk
8        android:minSdkVersion="22"
8-->src\main\AndroidManifest.xml
9        android:targetSdkVersion="28" />
9-->src\main\AndroidManifest.xml
10
11    <uses-permission android:name="android.permission.VIBRATE" />
11-->src\main\AndroidManifest.xml:5:5-6:62
11-->src\main\AndroidManifest.xml:6:18-59
12
13    <application
13-->src\main\AndroidManifest.xml:8:5-69:19
14        android:name="com.szabhun.sgttteam.hangman.GlobalVariables"
14-->src\main\AndroidManifest.xml:9:18-49
15        android:allowBackup="true"
15-->src\main\AndroidManifest.xml:10:18-44
16        android:appComponentFactory="android.support.v4.app.CoreComponentFactory"
16-->[com.android.support:support-compat:28.0.0] AndroidManifest.xml:22:18-91
17        android:debuggable="true"
18        android:icon="@mipmap/ic_launcher"
18-->src\main\AndroidManifest.xml:11:18-52
19        android:label="@string/app_name"
19-->src\main\AndroidManifest.xml:12:18-50
20        android:roundIcon="@mipmap/ic_launcher_round"
20-->src\main\AndroidManifest.xml:13:18-63
21        android:supportsRtl="true"
21-->src\main\AndroidManifest.xml:14:18-44
22        android:testOnly="true"
23        android:theme="@style/Theme.AppCompat.NoActionBar" >
23-->src\main\AndroidManifest.xml:15:18-68
24        <activity
24-->src\main\AndroidManifest.xml:21:9-22:58
25            android:name="com.szabhun.sgttteam.hangman.ScoresActivity"
25-->src\main\AndroidManifest.xml:21:19-49
26            android:screenOrientation="portrait" />
26-->src\main\AndroidManifest.xml:22:19-55
27        <activity
27-->src\main\AndroidManifest.xml:26:9-27:58
28            android:name="com.szabhun.sgttteam.hangman.OptionsActivity"
28-->src\main\AndroidManifest.xml:26:19-50
29            android:screenOrientation="portrait" />
29-->src\main\AndroidManifest.xml:27:19-55
30        <activity
30-->src\main\AndroidManifest.xml:33:9-34:58
31            android:name="com.szabhun.sgttteam.hangman.AboutActivity"
31-->src\main\AndroidManifest.xml:33:19-48
32            android:screenOrientation="portrait" />
32-->src\main\AndroidManifest.xml:34:19-55
33        <activity
33-->src\main\AndroidManifest.xml:40:9-42:58
34            android:name="com.szabhun.sgttteam.hangman.MenuActivity"
34-->src\main\AndroidManifest.xml:41:19-47
35            android:screenOrientation="portrait" />
35-->src\main\AndroidManifest.xml:42:19-55
36        <activity
36-->src\main\AndroidManifest.xml:48:9-57:20
37            android:name="com.szabhun.sgttteam.hangman.OpenerActivity"
37-->src\main\AndroidManifest.xml:49:19-49
38            android:screenOrientation="portrait" >
38-->src\main\AndroidManifest.xml:50:19-55
39            <intent-filter>
39-->src\main\AndroidManifest.xml:51:13-56:29
40                <action android:name="android.intent.action.MAIN" />
40-->src\main\AndroidManifest.xml:52:16-53:64
40-->src\main\AndroidManifest.xml:53:20-61
41
42                <category android:name="android.intent.category.LAUNCHER" />
42-->src\main\AndroidManifest.xml:54:16-55:70
42-->src\main\AndroidManifest.xml:55:20-67
43            </intent-filter>
44        </activity>
45        <activity
45-->src\main\AndroidManifest.xml:64:9-67:20
46            android:name="com.szabhun.sgttteam.hangman.GameActivity"
46-->src\main\AndroidManifest.xml:65:20-48
47            android:screenOrientation="portrait" >
47-->src\main\AndroidManifest.xml:66:20-56
48        </activity>
49    </application>
50
51</manifest>